The system is: Linux - 4.9.0-2-amd64 - x86_64
Compiling the C compiler identification source file "CMakeCCompilerId.c" succeeded.
Compiler: /usr/local/bin/clang 
Build flags: 
Id flags: 

The output was:
0


Compilation of the C compiler identification source "CMakeCCompilerId.c" produced "a.out"

The C compiler identification is Clang, found in "/home/shmuel/src/hpx_test/matrix/build/clang/CMakeFiles/3.7.2/CompilerIdC/a.out"

Compiling the CXX compiler identification source file "CMakeCXXCompilerId.cpp" succeeded.
Compiler: /usr/local/bin/clang++ 
Build flags: 
Id flags: 

The output was:
0


Compilation of the CXX compiler identification source "CMakeCXXCompilerId.cpp" produced "a.out"

The CXX compiler identification is Clang, found in "/home/shmuel/src/hpx_test/matrix/build/clang/CMakeFiles/3.7.2/CompilerIdCXX/a.out"

Determining if the C compiler works passed with the following output:
Change Dir: /home/shmuel/src/hpx_test/matrix/build/clang/CMakeFiles/CMakeTmp

Run Build Command:"/usr/bin/make" "cmTC_0c893/fast"
/usr/bin/make -f CMakeFiles/cmTC_0c893.dir/build.make CMakeFiles/cmTC_0c893.dir/build
make[1]: Entering directory '/opt/shmuel_misc/src/hpx_test/matrix/build/clang/CMakeFiles/CMakeTmp'
Building C object CMakeFiles/cmTC_0c893.dir/testCCompiler.c.o
/usr/local/bin/clang     -o CMakeFiles/cmTC_0c893.dir/testCCompiler.c.o   -c /home/shmuel/src/hpx_test/matrix/build/clang/CMakeFiles/CMakeTmp/testCCompiler.c
Linking C executable cmTC_0c893
/usr/bin/cmake -E cmake_link_script CMakeFiles/cmTC_0c893.dir/link.txt --verbose=1
/usr/local/bin/clang       CMakeFiles/cmTC_0c893.dir/testCCompiler.c.o  -o cmTC_0c893 -rdynamic 
make[1]: Leaving directory '/opt/shmuel_misc/src/hpx_test/matrix/build/clang/CMakeFiles/CMakeTmp'


Detecting C compiler ABI info compiled with the following output:
Change Dir: /home/shmuel/src/hpx_test/matrix/build/clang/CMakeFiles/CMakeTmp

Run Build Command:"/usr/bin/make" "cmTC_8990e/fast"
/usr/bin/make -f CMakeFiles/cmTC_8990e.dir/build.make CMakeFiles/cmTC_8990e.dir/build
make[1]: Entering directory '/opt/shmuel_misc/src/hpx_test/matrix/build/clang/CMakeFiles/CMakeTmp'
Building C object CMakeFiles/cmTC_8990e.dir/CMakeCCompilerABI.c.o
/usr/local/bin/clang     -o CMakeFiles/cmTC_8990e.dir/CMakeCCompilerABI.c.o   -c /usr/share/cmake-3.7/Modules/CMakeCCompilerABI.c
Linking C executable cmTC_8990e
/usr/bin/cmake -E cmake_link_script CMakeFiles/cmTC_8990e.dir/link.txt --verbose=1
/usr/local/bin/clang      -v CMakeFiles/cmTC_8990e.dir/CMakeCCompilerABI.c.o  -o cmTC_8990e -rdynamic  
clang version 5.0.0 (trunk 294930)
Target: x86_64-unknown-linux-gnu
Thread model: posix
InstalledDir: /usr/local/bin
Found candidate GCC installation: /usr/lib/gcc/x86_64-linux-gnu/4.9
Found candidate GCC installation: /usr/lib/gcc/x86_64-linux-gnu/4.9.3
Found candidate GCC installation: /usr/lib/gcc/x86_64-linux-gnu/5
Found candidate GCC installation: /usr/lib/gcc/x86_64-linux-gnu/5.4.1
Found candidate GCC installation: /usr/lib/gcc/x86_64-linux-gnu/6
Found candidate GCC installation: /usr/lib/gcc/x86_64-linux-gnu/6.3.0
Selected GCC installation: /usr/lib/gcc/x86_64-linux-gnu/6.3.0
Candidate multilib: .;@m64
Selected multilib: .;@m64
 "/usr/local/bin/ld" -export-dynamic --hash-style=both --eh-frame-hdr -m elf_x86_64 -export-dynamic -dynamic-linker /lib64/ld-linux-x86-64.so.2 -o cmTC_8990e /usr/lib/gcc/x86_64-linux-gnu/6.3.0/../../../x86_64-linux-gnu/crt1.o /usr/lib/gcc/x86_64-linux-gnu/6.3.0/../../../x86_64-linux-gnu/crti.o /usr/lib/gcc/x86_64-linux-gnu/6.3.0/crtbegin.o -L/usr/lib/gcc/x86_64-linux-gnu/6.3.0 -L/usr/lib/gcc/x86_64-linux-gnu/6.3.0/../../../x86_64-linux-gnu -L/lib/x86_64-linux-gnu -L/lib/../lib64 -L/usr/lib/x86_64-linux-gnu -L/usr/lib/gcc/x86_64-linux-gnu/6.3.0/../../.. -L/usr/local/bin/../lib -L/lib -L/usr/lib CMakeFiles/cmTC_8990e.dir/CMakeCCompilerABI.c.o -lgcc --as-needed -lgcc_s --no-as-needed -lc -lgcc --as-needed -lgcc_s --no-as-needed /usr/lib/gcc/x86_64-linux-gnu/6.3.0/crtend.o /usr/lib/gcc/x86_64-linux-gnu/6.3.0/../../../x86_64-linux-gnu/crtn.o
make[1]: Leaving directory '/opt/shmuel_misc/src/hpx_test/matrix/build/clang/CMakeFiles/CMakeTmp'


Parsed C implicit link information from above output:
  link line regex: [^( *|.*[/\])(ld|([^/\]+-)?ld|collect2)[^/\]*( |$)]
  ignore line: [Change Dir: /home/shmuel/src/hpx_test/matrix/build/clang/CMakeFiles/CMakeTmp]
  ignore line: []
  ignore line: [Run Build Command:"/usr/bin/make" "cmTC_8990e/fast"]
  ignore line: [/usr/bin/make -f CMakeFiles/cmTC_8990e.dir/build.make CMakeFiles/cmTC_8990e.dir/build]
  ignore line: [make[1]: Entering directory '/opt/shmuel_misc/src/hpx_test/matrix/build/clang/CMakeFiles/CMakeTmp']
  ignore line: [Building C object CMakeFiles/cmTC_8990e.dir/CMakeCCompilerABI.c.o]
  ignore line: [/usr/local/bin/clang     -o CMakeFiles/cmTC_8990e.dir/CMakeCCompilerABI.c.o   -c /usr/share/cmake-3.7/Modules/CMakeCCompilerABI.c]
  ignore line: [Linking C executable cmTC_8990e]
  ignore line: [/usr/bin/cmake -E cmake_link_script CMakeFiles/cmTC_8990e.dir/link.txt --verbose=1]
  ignore line: [/usr/local/bin/clang      -v CMakeFiles/cmTC_8990e.dir/CMakeCCompilerABI.c.o  -o cmTC_8990e -rdynamic  ]
  ignore line: [clang version 5.0.0 (trunk 294930)]
  ignore line: [Target: x86_64-unknown-linux-gnu]
  ignore line: [Thread model: posix]
  ignore line: [InstalledDir: /usr/local/bin]
  ignore line: [Found candidate GCC installation: /usr/lib/gcc/x86_64-linux-gnu/4.9]
  ignore line: [Found candidate GCC installation: /usr/lib/gcc/x86_64-linux-gnu/4.9.3]
  ignore line: [Found candidate GCC installation: /usr/lib/gcc/x86_64-linux-gnu/5]
  ignore line: [Found candidate GCC installation: /usr/lib/gcc/x86_64-linux-gnu/5.4.1]
  ignore line: [Found candidate GCC installation: /usr/lib/gcc/x86_64-linux-gnu/6]
  ignore line: [Found candidate GCC installation: /usr/lib/gcc/x86_64-linux-gnu/6.3.0]
  ignore line: [Selected GCC installation: /usr/lib/gcc/x86_64-linux-gnu/6.3.0]
  ignore line: [Candidate multilib: .]
  ignore line: [@m64]
  ignore line: [Selected multilib: .]
  ignore line: [@m64]
  link line: [ "/usr/local/bin/ld" -export-dynamic --hash-style=both --eh-frame-hdr -m elf_x86_64 -export-dynamic -dynamic-linker /lib64/ld-linux-x86-64.so.2 -o cmTC_8990e /usr/lib/gcc/x86_64-linux-gnu/6.3.0/../../../x86_64-linux-gnu/crt1.o /usr/lib/gcc/x86_64-linux-gnu/6.3.0/../../../x86_64-linux-gnu/crti.o /usr/lib/gcc/x86_64-linux-gnu/6.3.0/crtbegin.o -L/usr/lib/gcc/x86_64-linux-gnu/6.3.0 -L/usr/lib/gcc/x86_64-linux-gnu/6.3.0/../../../x86_64-linux-gnu -L/lib/x86_64-linux-gnu -L/lib/../lib64 -L/usr/lib/x86_64-linux-gnu -L/usr/lib/gcc/x86_64-linux-gnu/6.3.0/../../.. -L/usr/local/bin/../lib -L/lib -L/usr/lib CMakeFiles/cmTC_8990e.dir/CMakeCCompilerABI.c.o -lgcc --as-needed -lgcc_s --no-as-needed -lc -lgcc --as-needed -lgcc_s --no-as-needed /usr/lib/gcc/x86_64-linux-gnu/6.3.0/crtend.o /usr/lib/gcc/x86_64-linux-gnu/6.3.0/../../../x86_64-linux-gnu/crtn.o]
    arg [/usr/local/bin/ld] ==> ignore
    arg [-export-dynamic] ==> ignore
    arg [--hash-style=both] ==> ignore
    arg [--eh-frame-hdr] ==> ignore
    arg [-m] ==> ignore
    arg [elf_x86_64] ==> ignore
    arg [-export-dynamic] ==> ignore
    arg [-dynamic-linker] ==> ignore
    arg [/lib64/ld-linux-x86-64.so.2] ==> ignore
    arg [-o] ==> ignore
    arg [cmTC_8990e] ==> ignore
    arg [/usr/lib/gcc/x86_64-linux-gnu/6.3.0/../../../x86_64-linux-gnu/crt1.o] ==> ignore
    arg [/usr/lib/gcc/x86_64-linux-gnu/6.3.0/../../../x86_64-linux-gnu/crti.o] ==> ignore
    arg [/usr/lib/gcc/x86_64-linux-gnu/6.3.0/crtbegin.o] ==> ignore
    arg [-L/usr/lib/gcc/x86_64-linux-gnu/6.3.0] ==> dir [/usr/lib/gcc/x86_64-linux-gnu/6.3.0]
    arg [-L/usr/lib/gcc/x86_64-linux-gnu/6.3.0/../../../x86_64-linux-gnu] ==> dir [/usr/lib/gcc/x86_64-linux-gnu/6.3.0/../../../x86_64-linux-gnu]
    arg [-L/lib/x86_64-linux-gnu] ==> dir [/lib/x86_64-linux-gnu]
    arg [-L/lib/../lib64] ==> dir [/lib/../lib64]
    arg [-L/usr/lib/x86_64-linux-gnu] ==> dir [/usr/lib/x86_64-linux-gnu]
    arg [-L/usr/lib/gcc/x86_64-linux-gnu/6.3.0/../../..] ==> dir [/usr/lib/gcc/x86_64-linux-gnu/6.3.0/../../..]
    arg [-L/usr/local/bin/../lib] ==> dir [/usr/local/bin/../lib]
    arg [-L/lib] ==> dir [/lib]
    arg [-L/usr/lib] ==> dir [/usr/lib]
    arg [CMakeFiles/cmTC_8990e.dir/CMakeCCompilerABI.c.o] ==> ignore
    arg [-lgcc] ==> lib [gcc]
    arg [--as-needed] ==> ignore
    arg [-lgcc_s] ==> lib [gcc_s]
    arg [--no-as-needed] ==> ignore
    arg [-lc] ==> lib [c]
    arg [-lgcc] ==> lib [gcc]
    arg [--as-needed] ==> ignore
    arg [-lgcc_s] ==> lib [gcc_s]
    arg [--no-as-needed] ==> ignore
    arg [/usr/lib/gcc/x86_64-linux-gnu/6.3.0/crtend.o] ==> ignore
    arg [/usr/lib/gcc/x86_64-linux-gnu/6.3.0/../../../x86_64-linux-gnu/crtn.o] ==> ignore
  remove lib [gcc]
  remove lib [gcc_s]
  remove lib [gcc]
  remove lib [gcc_s]
  collapse library dir [/usr/lib/gcc/x86_64-linux-gnu/6.3.0] ==> [/usr/lib/gcc/x86_64-linux-gnu/6.3.0]
  collapse library dir [/usr/lib/gcc/x86_64-linux-gnu/6.3.0/../../../x86_64-linux-gnu] ==> [/usr/lib/x86_64-linux-gnu]
  collapse library dir [/lib/x86_64-linux-gnu] ==> [/lib/x86_64-linux-gnu]
  collapse library dir [/lib/../lib64] ==> [/lib64]
  collapse library dir [/usr/lib/x86_64-linux-gnu] ==> [/usr/lib/x86_64-linux-gnu]
  collapse library dir [/usr/lib/gcc/x86_64-linux-gnu/6.3.0/../../..] ==> [/usr/lib]
  collapse library dir [/usr/local/bin/../lib] ==> [/usr/local/lib]
  collapse library dir [/lib] ==> [/lib]
  collapse library dir [/usr/lib] ==> [/usr/lib]
  implicit libs: [c]
  implicit dirs: [/usr/lib/gcc/x86_64-linux-gnu/6.3.0;/usr/lib/x86_64-linux-gnu;/lib/x86_64-linux-gnu;/lib64;/usr/lib;/usr/local/lib;/lib]
  implicit fwks: []




Detecting C [-std=c11] compiler features compiled with the following output:
Change Dir: /home/shmuel/src/hpx_test/matrix/build/clang/CMakeFiles/CMakeTmp

Run Build Command:"/usr/bin/make" "cmTC_de02e/fast"
/usr/bin/make -f CMakeFiles/cmTC_de02e.dir/build.make CMakeFiles/cmTC_de02e.dir/build
make[1]: Entering directory '/opt/shmuel_misc/src/hpx_test/matrix/build/clang/CMakeFiles/CMakeTmp'
Building C object CMakeFiles/cmTC_de02e.dir/feature_tests.c.o
/usr/local/bin/clang    -std=c11 -o CMakeFiles/cmTC_de02e.dir/feature_tests.c.o   -c /home/shmuel/src/hpx_test/matrix/build/clang/CMakeFiles/feature_tests.c
Linking C executable cmTC_de02e
/usr/bin/cmake -E cmake_link_script CMakeFiles/cmTC_de02e.dir/link.txt --verbose=1
/usr/local/bin/clang       CMakeFiles/cmTC_de02e.dir/feature_tests.c.o  -o cmTC_de02e -rdynamic 
make[1]: Leaving directory '/opt/shmuel_misc/src/hpx_test/matrix/build/clang/CMakeFiles/CMakeTmp'


    Feature record: C_FEATURE:1c_function_prototypes
    Feature record: C_FEATURE:1c_restrict
    Feature record: C_FEATURE:1c_static_assert
    Feature record: C_FEATURE:1c_variadic_macros


Detecting C [-std=c99] compiler features compiled with the following output:
Change Dir: /home/shmuel/src/hpx_test/matrix/build/clang/CMakeFiles/CMakeTmp

Run Build Command:"/usr/bin/make" "cmTC_091ef/fast"
/usr/bin/make -f CMakeFiles/cmTC_091ef.dir/build.make CMakeFiles/cmTC_091ef.dir/build
make[1]: Entering directory '/opt/shmuel_misc/src/hpx_test/matrix/build/clang/CMakeFiles/CMakeTmp'
Building C object CMakeFiles/cmTC_091ef.dir/feature_tests.c.o
/usr/local/bin/clang    -std=c99 -o CMakeFiles/cmTC_091ef.dir/feature_tests.c.o   -c /home/shmuel/src/hpx_test/matrix/build/clang/CMakeFiles/feature_tests.c
Linking C executable cmTC_091ef
/usr/bin/cmake -E cmake_link_script CMakeFiles/cmTC_091ef.dir/link.txt --verbose=1
/usr/local/bin/clang       CMakeFiles/cmTC_091ef.dir/feature_tests.c.o  -o cmTC_091ef -rdynamic 
make[1]: Leaving directory '/opt/shmuel_misc/src/hpx_test/matrix/build/clang/CMakeFiles/CMakeTmp'


    Feature record: C_FEATURE:1c_function_prototypes
    Feature record: C_FEATURE:1c_restrict
    Feature record: C_FEATURE:0c_static_assert
    Feature record: C_FEATURE:1c_variadic_macros


Detecting C [-std=c90] compiler features compiled with the following output:
Change Dir: /home/shmuel/src/hpx_test/matrix/build/clang/CMakeFiles/CMakeTmp

Run Build Command:"/usr/bin/make" "cmTC_19d7c/fast"
/usr/bin/make -f CMakeFiles/cmTC_19d7c.dir/build.make CMakeFiles/cmTC_19d7c.dir/build
make[1]: Entering directory '/opt/shmuel_misc/src/hpx_test/matrix/build/clang/CMakeFiles/CMakeTmp'
Building C object CMakeFiles/cmTC_19d7c.dir/feature_tests.c.o
/usr/local/bin/clang    -std=c90 -o CMakeFiles/cmTC_19d7c.dir/feature_tests.c.o   -c /home/shmuel/src/hpx_test/matrix/build/clang/CMakeFiles/feature_tests.c
Linking C executable cmTC_19d7c
/usr/bin/cmake -E cmake_link_script CMakeFiles/cmTC_19d7c.dir/link.txt --verbose=1
/usr/local/bin/clang       CMakeFiles/cmTC_19d7c.dir/feature_tests.c.o  -o cmTC_19d7c -rdynamic 
make[1]: Leaving directory '/opt/shmuel_misc/src/hpx_test/matrix/build/clang/CMakeFiles/CMakeTmp'


    Feature record: C_FEATURE:1c_function_prototypes
    Feature record: C_FEATURE:0c_restrict
    Feature record: C_FEATURE:0c_static_assert
    Feature record: C_FEATURE:0c_variadic_macros
Determining if the CXX compiler works passed with the following output:
Change Dir: /home/shmuel/src/hpx_test/matrix/build/clang/CMakeFiles/CMakeTmp

Run Build Command:"/usr/bin/make" "cmTC_4fff1/fast"
/usr/bin/make -f CMakeFiles/cmTC_4fff1.dir/build.make CMakeFiles/cmTC_4fff1.dir/build
make[1]: Entering directory '/opt/shmuel_misc/src/hpx_test/matrix/build/clang/CMakeFiles/CMakeTmp'
Building CXX object CMakeFiles/cmTC_4fff1.dir/testCXXCompiler.cxx.o
/usr/local/bin/clang++      -o CMakeFiles/cmTC_4fff1.dir/testCXXCompiler.cxx.o -c /home/shmuel/src/hpx_test/matrix/build/clang/CMakeFiles/CMakeTmp/testCXXCompiler.cxx
Linking CXX executable cmTC_4fff1
/usr/bin/cmake -E cmake_link_script CMakeFiles/cmTC_4fff1.dir/link.txt --verbose=1
/usr/local/bin/clang++        CMakeFiles/cmTC_4fff1.dir/testCXXCompiler.cxx.o  -o cmTC_4fff1 -rdynamic 
make[1]: Leaving directory '/opt/shmuel_misc/src/hpx_test/matrix/build/clang/CMakeFiles/CMakeTmp'


Detecting CXX compiler ABI info compiled with the following output:
Change Dir: /home/shmuel/src/hpx_test/matrix/build/clang/CMakeFiles/CMakeTmp

Run Build Command:"/usr/bin/make" "cmTC_a1162/fast"
/usr/bin/make -f CMakeFiles/cmTC_a1162.dir/build.make CMakeFiles/cmTC_a1162.dir/build
make[1]: Entering directory '/opt/shmuel_misc/src/hpx_test/matrix/build/clang/CMakeFiles/CMakeTmp'
Building CXX object CMakeFiles/cmTC_a1162.dir/CMakeCXXCompilerABI.cpp.o
/usr/local/bin/clang++      -o CMakeFiles/cmTC_a1162.dir/CMakeCXXCompilerABI.cpp.o -c /usr/share/cmake-3.7/Modules/CMakeCXXCompilerABI.cpp
Linking CXX executable cmTC_a1162
/usr/bin/cmake -E cmake_link_script CMakeFiles/cmTC_a1162.dir/link.txt --verbose=1
/usr/local/bin/clang++       -v CMakeFiles/cmTC_a1162.dir/CMakeCXXCompilerABI.cpp.o  -o cmTC_a1162 -rdynamic  
clang version 5.0.0 (trunk 294930)
Target: x86_64-unknown-linux-gnu
Thread model: posix
InstalledDir: /usr/local/bin
Found candidate GCC installation: /usr/lib/gcc/x86_64-linux-gnu/4.9
Found candidate GCC installation: /usr/lib/gcc/x86_64-linux-gnu/4.9.3
Found candidate GCC installation: /usr/lib/gcc/x86_64-linux-gnu/5
Found candidate GCC installation: /usr/lib/gcc/x86_64-linux-gnu/5.4.1
Found candidate GCC installation: /usr/lib/gcc/x86_64-linux-gnu/6
Found candidate GCC installation: /usr/lib/gcc/x86_64-linux-gnu/6.3.0
Selected GCC installation: /usr/lib/gcc/x86_64-linux-gnu/6.3.0
Candidate multilib: .;@m64
Selected multilib: .;@m64
 "/usr/local/bin/ld" -export-dynamic --hash-style=both --eh-frame-hdr -m elf_x86_64 -export-dynamic -dynamic-linker /lib64/ld-linux-x86-64.so.2 -o cmTC_a1162 /usr/lib/gcc/x86_64-linux-gnu/6.3.0/../../../x86_64-linux-gnu/crt1.o /usr/lib/gcc/x86_64-linux-gnu/6.3.0/../../../x86_64-linux-gnu/crti.o /usr/lib/gcc/x86_64-linux-gnu/6.3.0/crtbegin.o -L/usr/lib/gcc/x86_64-linux-gnu/6.3.0 -L/usr/lib/gcc/x86_64-linux-gnu/6.3.0/../../../x86_64-linux-gnu -L/lib/x86_64-linux-gnu -L/lib/../lib64 -L/usr/lib/x86_64-linux-gnu -L/usr/lib/gcc/x86_64-linux-gnu/6.3.0/../../.. -L/usr/local/bin/../lib -L/lib -L/usr/lib CMakeFiles/cmTC_a1162.dir/CMakeCXXCompilerABI.cpp.o -lstdc++ -lm -lgcc_s -lgcc -lc -lgcc_s -lgcc /usr/lib/gcc/x86_64-linux-gnu/6.3.0/crtend.o /usr/lib/gcc/x86_64-linux-gnu/6.3.0/../../../x86_64-linux-gnu/crtn.o
make[1]: Leaving directory '/opt/shmuel_misc/src/hpx_test/matrix/build/clang/CMakeFiles/CMakeTmp'


Parsed CXX implicit link information from above output:
  link line regex: [^( *|.*[/\])(ld|([^/\]+-)?ld|collect2)[^/\]*( |$)]
  ignore line: [Change Dir: /home/shmuel/src/hpx_test/matrix/build/clang/CMakeFiles/CMakeTmp]
  ignore line: []
  ignore line: [Run Build Command:"/usr/bin/make" "cmTC_a1162/fast"]
  ignore line: [/usr/bin/make -f CMakeFiles/cmTC_a1162.dir/build.make CMakeFiles/cmTC_a1162.dir/build]
  ignore line: [make[1]: Entering directory '/opt/shmuel_misc/src/hpx_test/matrix/build/clang/CMakeFiles/CMakeTmp']
  ignore line: [Building CXX object CMakeFiles/cmTC_a1162.dir/CMakeCXXCompilerABI.cpp.o]
  ignore line: [/usr/local/bin/clang++      -o CMakeFiles/cmTC_a1162.dir/CMakeCXXCompilerABI.cpp.o -c /usr/share/cmake-3.7/Modules/CMakeCXXCompilerABI.cpp]
  ignore line: [Linking CXX executable cmTC_a1162]
  ignore line: [/usr/bin/cmake -E cmake_link_script CMakeFiles/cmTC_a1162.dir/link.txt --verbose=1]
  ignore line: [/usr/local/bin/clang++       -v CMakeFiles/cmTC_a1162.dir/CMakeCXXCompilerABI.cpp.o  -o cmTC_a1162 -rdynamic  ]
  ignore line: [clang version 5.0.0 (trunk 294930)]
  ignore line: [Target: x86_64-unknown-linux-gnu]
  ignore line: [Thread model: posix]
  ignore line: [InstalledDir: /usr/local/bin]
  ignore line: [Found candidate GCC installation: /usr/lib/gcc/x86_64-linux-gnu/4.9]
  ignore line: [Found candidate GCC installation: /usr/lib/gcc/x86_64-linux-gnu/4.9.3]
  ignore line: [Found candidate GCC installation: /usr/lib/gcc/x86_64-linux-gnu/5]
  ignore line: [Found candidate GCC installation: /usr/lib/gcc/x86_64-linux-gnu/5.4.1]
  ignore line: [Found candidate GCC installation: /usr/lib/gcc/x86_64-linux-gnu/6]
  ignore line: [Found candidate GCC installation: /usr/lib/gcc/x86_64-linux-gnu/6.3.0]
  ignore line: [Selected GCC installation: /usr/lib/gcc/x86_64-linux-gnu/6.3.0]
  ignore line: [Candidate multilib: .]
  ignore line: [@m64]
  ignore line: [Selected multilib: .]
  ignore line: [@m64]
  link line: [ "/usr/local/bin/ld" -export-dynamic --hash-style=both --eh-frame-hdr -m elf_x86_64 -export-dynamic -dynamic-linker /lib64/ld-linux-x86-64.so.2 -o cmTC_a1162 /usr/lib/gcc/x86_64-linux-gnu/6.3.0/../../../x86_64-linux-gnu/crt1.o /usr/lib/gcc/x86_64-linux-gnu/6.3.0/../../../x86_64-linux-gnu/crti.o /usr/lib/gcc/x86_64-linux-gnu/6.3.0/crtbegin.o -L/usr/lib/gcc/x86_64-linux-gnu/6.3.0 -L/usr/lib/gcc/x86_64-linux-gnu/6.3.0/../../../x86_64-linux-gnu -L/lib/x86_64-linux-gnu -L/lib/../lib64 -L/usr/lib/x86_64-linux-gnu -L/usr/lib/gcc/x86_64-linux-gnu/6.3.0/../../.. -L/usr/local/bin/../lib -L/lib -L/usr/lib CMakeFiles/cmTC_a1162.dir/CMakeCXXCompilerABI.cpp.o -lstdc++ -lm -lgcc_s -lgcc -lc -lgcc_s -lgcc /usr/lib/gcc/x86_64-linux-gnu/6.3.0/crtend.o /usr/lib/gcc/x86_64-linux-gnu/6.3.0/../../../x86_64-linux-gnu/crtn.o]
    arg [/usr/local/bin/ld] ==> ignore
    arg [-export-dynamic] ==> ignore
    arg [--hash-style=both] ==> ignore
    arg [--eh-frame-hdr] ==> ignore
    arg [-m] ==> ignore
    arg [elf_x86_64] ==> ignore
    arg [-export-dynamic] ==> ignore
    arg [-dynamic-linker] ==> ignore
    arg [/lib64/ld-linux-x86-64.so.2] ==> ignore
    arg [-o] ==> ignore
    arg [cmTC_a1162] ==> ignore
    arg [/usr/lib/gcc/x86_64-linux-gnu/6.3.0/../../../x86_64-linux-gnu/crt1.o] ==> ignore
    arg [/usr/lib/gcc/x86_64-linux-gnu/6.3.0/../../../x86_64-linux-gnu/crti.o] ==> ignore
    arg [/usr/lib/gcc/x86_64-linux-gnu/6.3.0/crtbegin.o] ==> ignore
    arg [-L/usr/lib/gcc/x86_64-linux-gnu/6.3.0] ==> dir [/usr/lib/gcc/x86_64-linux-gnu/6.3.0]
    arg [-L/usr/lib/gcc/x86_64-linux-gnu/6.3.0/../../../x86_64-linux-gnu] ==> dir [/usr/lib/gcc/x86_64-linux-gnu/6.3.0/../../../x86_64-linux-gnu]
    arg [-L/lib/x86_64-linux-gnu] ==> dir [/lib/x86_64-linux-gnu]
    arg [-L/lib/../lib64] ==> dir [/lib/../lib64]
    arg [-L/usr/lib/x86_64-linux-gnu] ==> dir [/usr/lib/x86_64-linux-gnu]
    arg [-L/usr/lib/gcc/x86_64-linux-gnu/6.3.0/../../..] ==> dir [/usr/lib/gcc/x86_64-linux-gnu/6.3.0/../../..]
    arg [-L/usr/local/bin/../lib] ==> dir [/usr/local/bin/../lib]
    arg [-L/lib] ==> dir [/lib]
    arg [-L/usr/lib] ==> dir [/usr/lib]
    arg [CMakeFiles/cmTC_a1162.dir/CMakeCXXCompilerABI.cpp.o] ==> ignore
    arg [-lstdc++] ==> lib [stdc++]
    arg [-lm] ==> lib [m]
    arg [-lgcc_s] ==> lib [gcc_s]
    arg [-lgcc] ==> lib [gcc]
    arg [-lc] ==> lib [c]
    arg [-lgcc_s] ==> lib [gcc_s]
    arg [-lgcc] ==> lib [gcc]
    arg [/usr/lib/gcc/x86_64-linux-gnu/6.3.0/crtend.o] ==> ignore
    arg [/usr/lib/gcc/x86_64-linux-gnu/6.3.0/../../../x86_64-linux-gnu/crtn.o] ==> ignore
  remove lib [gcc_s]
  remove lib [gcc]
  remove lib [gcc_s]
  remove lib [gcc]
  collapse library dir [/usr/lib/gcc/x86_64-linux-gnu/6.3.0] ==> [/usr/lib/gcc/x86_64-linux-gnu/6.3.0]
  collapse library dir [/usr/lib/gcc/x86_64-linux-gnu/6.3.0/../../../x86_64-linux-gnu] ==> [/usr/lib/x86_64-linux-gnu]
  collapse library dir [/lib/x86_64-linux-gnu] ==> [/lib/x86_64-linux-gnu]
  collapse library dir [/lib/../lib64] ==> [/lib64]
  collapse library dir [/usr/lib/x86_64-linux-gnu] ==> [/usr/lib/x86_64-linux-gnu]
  collapse library dir [/usr/lib/gcc/x86_64-linux-gnu/6.3.0/../../..] ==> [/usr/lib]
  collapse library dir [/usr/local/bin/../lib] ==> [/usr/local/lib]
  collapse library dir [/lib] ==> [/lib]
  collapse library dir [/usr/lib] ==> [/usr/lib]
  implicit libs: [stdc++;m;c]
  implicit dirs: [/usr/lib/gcc/x86_64-linux-gnu/6.3.0;/usr/lib/x86_64-linux-gnu;/lib/x86_64-linux-gnu;/lib64;/usr/lib;/usr/local/lib;/lib]
  implicit fwks: []




Detecting CXX [-std=c++14] compiler features compiled with the following output:
Change Dir: /home/shmuel/src/hpx_test/matrix/build/clang/CMakeFiles/CMakeTmp

Run Build Command:"/usr/bin/make" "cmTC_85fe8/fast"
/usr/bin/make -f CMakeFiles/cmTC_85fe8.dir/build.make CMakeFiles/cmTC_85fe8.dir/build
make[1]: Entering directory '/opt/shmuel_misc/src/hpx_test/matrix/build/clang/CMakeFiles/CMakeTmp'
Building CXX object CMakeFiles/cmTC_85fe8.dir/feature_tests.cxx.o
/usr/local/bin/clang++     -std=c++14 -o CMakeFiles/cmTC_85fe8.dir/feature_tests.cxx.o -c /home/shmuel/src/hpx_test/matrix/build/clang/CMakeFiles/feature_tests.cxx
Linking CXX executable cmTC_85fe8
/usr/bin/cmake -E cmake_link_script CMakeFiles/cmTC_85fe8.dir/link.txt --verbose=1
/usr/local/bin/clang++        CMakeFiles/cmTC_85fe8.dir/feature_tests.cxx.o  -o cmTC_85fe8 -rdynamic 
make[1]: Leaving directory '/opt/shmuel_misc/src/hpx_test/matrix/build/clang/CMakeFiles/CMakeTmp'


    Feature record: CXX_FEATURE:1cxx_aggregate_default_initializers
    Feature record: CXX_FEATURE:1cxx_alias_templates
    Feature record: CXX_FEATURE:1cxx_alignas
    Feature record: CXX_FEATURE:1cxx_alignof
    Feature record: CXX_FEATURE:1cxx_attributes
    Feature record: CXX_FEATURE:1cxx_attribute_deprecated
    Feature record: CXX_FEATURE:1cxx_auto_type
    Feature record: CXX_FEATURE:1cxx_binary_literals
    Feature record: CXX_FEATURE:1cxx_constexpr
    Feature record: CXX_FEATURE:1cxx_contextual_conversions
    Feature record: CXX_FEATURE:1cxx_decltype
    Feature record: CXX_FEATURE:1cxx_decltype_auto
    Feature record: CXX_FEATURE:1cxx_decltype_incomplete_return_types
    Feature record: CXX_FEATURE:1cxx_default_function_template_args
    Feature record: CXX_FEATURE:1cxx_defaulted_functions
    Feature record: CXX_FEATURE:1cxx_defaulted_move_initializers
    Feature record: CXX_FEATURE:1cxx_delegating_constructors
    Feature record: CXX_FEATURE:1cxx_deleted_functions
    Feature record: CXX_FEATURE:1cxx_digit_separators
    Feature record: CXX_FEATURE:1cxx_enum_forward_declarations
    Feature record: CXX_FEATURE:1cxx_explicit_conversions
    Feature record: CXX_FEATURE:1cxx_extended_friend_declarations
    Feature record: CXX_FEATURE:1cxx_extern_templates
    Feature record: CXX_FEATURE:1cxx_final
    Feature record: CXX_FEATURE:1cxx_func_identifier
    Feature record: CXX_FEATURE:1cxx_generalized_initializers
    Feature record: CXX_FEATURE:1cxx_generic_lambdas
    Feature record: CXX_FEATURE:1cxx_inheriting_constructors
    Feature record: CXX_FEATURE:1cxx_inline_namespaces
    Feature record: CXX_FEATURE:1cxx_lambdas
    Feature record: CXX_FEATURE:1cxx_lambda_init_captures
    Feature record: CXX_FEATURE:1cxx_local_type_template_args
    Feature record: CXX_FEATURE:1cxx_long_long_type
    Feature record: CXX_FEATURE:1cxx_noexcept
    Feature record: CXX_FEATURE:1cxx_nonstatic_member_init
    Feature record: CXX_FEATURE:1cxx_nullptr
    Feature record: CXX_FEATURE:1cxx_override
    Feature record: CXX_FEATURE:1cxx_range_for
    Feature record: CXX_FEATURE:1cxx_raw_string_literals
    Feature record: CXX_FEATURE:1cxx_reference_qualified_functions
    Feature record: CXX_FEATURE:1cxx_relaxed_constexpr
    Feature record: CXX_FEATURE:1cxx_return_type_deduction
    Feature record: CXX_FEATURE:1cxx_right_angle_brackets
    Feature record: CXX_FEATURE:1cxx_rvalue_references
    Feature record: CXX_FEATURE:1cxx_sizeof_member
    Feature record: CXX_FEATURE:1cxx_static_assert
    Feature record: CXX_FEATURE:1cxx_strong_enums
    Feature record: CXX_FEATURE:1cxx_template_template_parameters
    Feature record: CXX_FEATURE:1cxx_thread_local
    Feature record: CXX_FEATURE:1cxx_trailing_return_types
    Feature record: CXX_FEATURE:1cxx_unicode_literals
    Feature record: CXX_FEATURE:1cxx_uniform_initialization
    Feature record: CXX_FEATURE:1cxx_unrestricted_unions
    Feature record: CXX_FEATURE:1cxx_user_literals
    Feature record: CXX_FEATURE:1cxx_variable_templates
    Feature record: CXX_FEATURE:1cxx_variadic_macros
    Feature record: CXX_FEATURE:1cxx_variadic_templates


Detecting CXX [-std=c++11] compiler features compiled with the following output:
Change Dir: /home/shmuel/src/hpx_test/matrix/build/clang/CMakeFiles/CMakeTmp

Run Build Command:"/usr/bin/make" "cmTC_dd035/fast"
/usr/bin/make -f CMakeFiles/cmTC_dd035.dir/build.make CMakeFiles/cmTC_dd035.dir/build
make[1]: Entering directory '/opt/shmuel_misc/src/hpx_test/matrix/build/clang/CMakeFiles/CMakeTmp'
Building CXX object CMakeFiles/cmTC_dd035.dir/feature_tests.cxx.o
/usr/local/bin/clang++     -std=c++11 -o CMakeFiles/cmTC_dd035.dir/feature_tests.cxx.o -c /home/shmuel/src/hpx_test/matrix/build/clang/CMakeFiles/feature_tests.cxx
Linking CXX executable cmTC_dd035
/usr/bin/cmake -E cmake_link_script CMakeFiles/cmTC_dd035.dir/link.txt --verbose=1
/usr/local/bin/clang++        CMakeFiles/cmTC_dd035.dir/feature_tests.cxx.o  -o cmTC_dd035 -rdynamic 
make[1]: Leaving directory '/opt/shmuel_misc/src/hpx_test/matrix/build/clang/CMakeFiles/CMakeTmp'


    Feature record: CXX_FEATURE:0cxx_aggregate_default_initializers
    Feature record: CXX_FEATURE:1cxx_alias_templates
    Feature record: CXX_FEATURE:1cxx_alignas
    Feature record: CXX_FEATURE:1cxx_alignof
    Feature record: CXX_FEATURE:1cxx_attributes
    Feature record: CXX_FEATURE:0cxx_attribute_deprecated
    Feature record: CXX_FEATURE:1cxx_auto_type
    Feature record: CXX_FEATURE:0cxx_binary_literals
    Feature record: CXX_FEATURE:1cxx_constexpr
    Feature record: CXX_FEATURE:0cxx_contextual_conversions
    Feature record: CXX_FEATURE:1cxx_decltype
    Feature record: CXX_FEATURE:0cxx_decltype_auto
    Feature record: CXX_FEATURE:1cxx_decltype_incomplete_return_types
    Feature record: CXX_FEATURE:1cxx_default_function_template_args
    Feature record: CXX_FEATURE:1cxx_defaulted_functions
    Feature record: CXX_FEATURE:1cxx_defaulted_move_initializers
    Feature record: CXX_FEATURE:1cxx_delegating_constructors
    Feature record: CXX_FEATURE:1cxx_deleted_functions
    Feature record: CXX_FEATURE:0cxx_digit_separators
    Feature record: CXX_FEATURE:1cxx_enum_forward_declarations
    Feature record: CXX_FEATURE:1cxx_explicit_conversions
    Feature record: CXX_FEATURE:1cxx_extended_friend_declarations
    Feature record: CXX_FEATURE:1cxx_extern_templates
    Feature record: CXX_FEATURE:1cxx_final
    Feature record: CXX_FEATURE:1cxx_func_identifier
    Feature record: CXX_FEATURE:1cxx_generalized_initializers
    Feature record: CXX_FEATURE:0cxx_generic_lambdas
    Feature record: CXX_FEATURE:1cxx_inheriting_constructors
    Feature record: CXX_FEATURE:1cxx_inline_namespaces
    Feature record: CXX_FEATURE:1cxx_lambdas
    Feature record: CXX_FEATURE:0cxx_lambda_init_captures
    Feature record: CXX_FEATURE:1cxx_local_type_template_args
    Feature record: CXX_FEATURE:1cxx_long_long_type
    Feature record: CXX_FEATURE:1cxx_noexcept
    Feature record: CXX_FEATURE:1cxx_nonstatic_member_init
    Feature record: CXX_FEATURE:1cxx_nullptr
    Feature record: CXX_FEATURE:1cxx_override
    Feature record: CXX_FEATURE:1cxx_range_for
    Feature record: CXX_FEATURE:1cxx_raw_string_literals
    Feature record: CXX_FEATURE:1cxx_reference_qualified_functions
    Feature record: CXX_FEATURE:0cxx_relaxed_constexpr
    Feature record: CXX_FEATURE:0cxx_return_type_deduction
    Feature record: CXX_FEATURE:1cxx_right_angle_brackets
    Feature record: CXX_FEATURE:1cxx_rvalue_references
    Feature record: CXX_FEATURE:1cxx_sizeof_member
    Feature record: CXX_FEATURE:1cxx_static_assert
    Feature record: CXX_FEATURE:1cxx_strong_enums
    Feature record: CXX_FEATURE:1cxx_template_template_parameters
    Feature record: CXX_FEATURE:1cxx_thread_local
    Feature record: CXX_FEATURE:1cxx_trailing_return_types
    Feature record: CXX_FEATURE:1cxx_unicode_literals
    Feature record: CXX_FEATURE:1cxx_uniform_initialization
    Feature record: CXX_FEATURE:1cxx_unrestricted_unions
    Feature record: CXX_FEATURE:1cxx_user_literals
    Feature record: CXX_FEATURE:0cxx_variable_templates
    Feature record: CXX_FEATURE:1cxx_variadic_macros
    Feature record: CXX_FEATURE:1cxx_variadic_templates


Detecting CXX [-std=c++98] compiler features compiled with the following output:
Change Dir: /home/shmuel/src/hpx_test/matrix/build/clang/CMakeFiles/CMakeTmp

Run Build Command:"/usr/bin/make" "cmTC_d77d8/fast"
/usr/bin/make -f CMakeFiles/cmTC_d77d8.dir/build.make CMakeFiles/cmTC_d77d8.dir/build
make[1]: Entering directory '/opt/shmuel_misc/src/hpx_test/matrix/build/clang/CMakeFiles/CMakeTmp'
Building CXX object CMakeFiles/cmTC_d77d8.dir/feature_tests.cxx.o
/usr/local/bin/clang++     -std=c++98 -o CMakeFiles/cmTC_d77d8.dir/feature_tests.cxx.o -c /home/shmuel/src/hpx_test/matrix/build/clang/CMakeFiles/feature_tests.cxx
Linking CXX executable cmTC_d77d8
/usr/bin/cmake -E cmake_link_script CMakeFiles/cmTC_d77d8.dir/link.txt --verbose=1
/usr/local/bin/clang++        CMakeFiles/cmTC_d77d8.dir/feature_tests.cxx.o  -o cmTC_d77d8 -rdynamic 
make[1]: Leaving directory '/opt/shmuel_misc/src/hpx_test/matrix/build/clang/CMakeFiles/CMakeTmp'


    Feature record: CXX_FEATURE:0cxx_aggregate_default_initializers
    Feature record: CXX_FEATURE:0cxx_alias_templates
    Feature record: CXX_FEATURE:0cxx_alignas
    Feature record: CXX_FEATURE:0cxx_alignof
    Feature record: CXX_FEATURE:0cxx_attributes
    Feature record: CXX_FEATURE:0cxx_attribute_deprecated
    Feature record: CXX_FEATURE:0cxx_auto_type
    Feature record: CXX_FEATURE:0cxx_binary_literals
    Feature record: CXX_FEATURE:0cxx_constexpr
    Feature record: CXX_FEATURE:0cxx_contextual_conversions
    Feature record: CXX_FEATURE:0cxx_decltype
    Feature record: CXX_FEATURE:0cxx_decltype_auto
    Feature record: CXX_FEATURE:0cxx_decltype_incomplete_return_types
    Feature record: CXX_FEATURE:0cxx_default_function_template_args
    Feature record: CXX_FEATURE:0cxx_defaulted_functions
    Feature record: CXX_FEATURE:0cxx_defaulted_move_initializers
    Feature record: CXX_FEATURE:0cxx_delegating_constructors
    Feature record: CXX_FEATURE:0cxx_deleted_functions
    Feature record: CXX_FEATURE:0cxx_digit_separators
    Feature record: CXX_FEATURE:0cxx_enum_forward_declarations
    Feature record: CXX_FEATURE:0cxx_explicit_conversions
    Feature record: CXX_FEATURE:0cxx_extended_friend_declarations
    Feature record: CXX_FEATURE:0cxx_extern_templates
    Feature record: CXX_FEATURE:0cxx_final
    Feature record: CXX_FEATURE:0cxx_func_identifier
    Feature record: CXX_FEATURE:0cxx_generalized_initializers
    Feature record: CXX_FEATURE:0cxx_generic_lambdas
    Feature record: CXX_FEATURE:0cxx_inheriting_constructors
    Feature record: CXX_FEATURE:0cxx_inline_namespaces
    Feature record: CXX_FEATURE:0cxx_lambdas
    Feature record: CXX_FEATURE:0cxx_lambda_init_captures
    Feature record: CXX_FEATURE:0cxx_local_type_template_args
    Feature record: CXX_FEATURE:0cxx_long_long_type
    Feature record: CXX_FEATURE:0cxx_noexcept
    Feature record: CXX_FEATURE:0cxx_nonstatic_member_init
    Feature record: CXX_FEATURE:0cxx_nullptr
    Feature record: CXX_FEATURE:0cxx_override
    Feature record: CXX_FEATURE:0cxx_range_for
    Feature record: CXX_FEATURE:0cxx_raw_string_literals
    Feature record: CXX_FEATURE:0cxx_reference_qualified_functions
    Feature record: CXX_FEATURE:0cxx_relaxed_constexpr
    Feature record: CXX_FEATURE:0cxx_return_type_deduction
    Feature record: CXX_FEATURE:0cxx_right_angle_brackets
    Feature record: CXX_FEATURE:0cxx_rvalue_references
    Feature record: CXX_FEATURE:0cxx_sizeof_member
    Feature record: CXX_FEATURE:0cxx_static_assert
    Feature record: CXX_FEATURE:0cxx_strong_enums
    Feature record: CXX_FEATURE:1cxx_template_template_parameters
    Feature record: CXX_FEATURE:0cxx_thread_local
    Feature record: CXX_FEATURE:0cxx_trailing_return_types
    Feature record: CXX_FEATURE:0cxx_unicode_literals
    Feature record: CXX_FEATURE:0cxx_uniform_initialization
    Feature record: CXX_FEATURE:0cxx_unrestricted_unions
    Feature record: CXX_FEATURE:0cxx_user_literals
    Feature record: CXX_FEATURE:0cxx_variable_templates
    Feature record: CXX_FEATURE:0cxx_variadic_macros
    Feature record: CXX_FEATURE:0cxx_variadic_templates
